This is pdfTeX, Version 3.14159265-2.6-1.40.21 (MiKTeX 2.9.7400 64-bit) (preloaded format=pdflatex 2020.5.12)  4 OCT 2020 21:43
entering extended mode
**"./machine learning.tex"
("machine learning.tex"
LaTeX2e <2020-02-02> patch level 5
L3 programming layer <2020-04-06>
("C:\Users\benja\AppData\Local\Programs\MiKTeX 2.9\tex/latex/base\article.cls"
Document Class: article 2019/12/20 v1.4l Standard LaTeX document class
("C:\Users\benja\AppData\Local\Programs\MiKTeX 2.9\tex/latex/base\size10.clo"
File: size10.clo 2019/12/20 v1.4l Standard LaTeX file (size option)
)
\c@part=\count167
\c@section=\count168
\c@subsection=\count169
\c@subsubsection=\count170
\c@paragraph=\count171
\c@subparagraph=\count172
\c@figure=\count173
\c@table=\count174
\abovecaptionskip=\skip47
\belowcaptionskip=\skip48
\bibindent=\dimen134
) ("C:\Users\benja\AppData\Local\Programs\MiKTeX 2.9\tex/latex/base\fontenc.sty
"
Package: fontenc 2020/02/11 v2.0o Standard LaTeX package
) ("C:\Users\benja\AppData\Local\Programs\MiKTeX 2.9\tex/latex/base\inputenc.st
y"
Package: inputenc 2018/08/11 v1.3c Input encoding file
\inpenc@prehook=\toks15
\inpenc@posthook=\toks16
)
("C:\Users\benja\AppData\Local\Programs\MiKTeX 2.9\tex/generic/babel\babel.sty"
Package: babel 2020/03/22 3.42 The Babel package
("C:\Users\benja\AppData\Local\Programs\MiKTeX 2.9\tex/generic/babel\switch.def
"
File: switch.def 2020/03/22 3.42 Babel switching mechanism
)
*************************************
* Local config file bblopts.cfg used
*
("C:\Users\benja\AppData\Local\Programs\MiKTeX 2.9\tex/latex/arabi\bblopts.cfg"
File: bblopts.cfg 2005/09/08 v0.1 add Arabic and Farsi to "declared" options of
 babel
)
("C:\Users\benja\AppData\Local\Programs\MiKTeX 2.9\tex/generic/babel-french\fre
nch.ldf"
Language: french 2020/01/30 v3.5g French support from the babel system

("C:\Users\benja\AppData\Local\Programs\MiKTeX 2.9\tex/generic/babel\babel.def"
File: babel.def 2020/03/22 3.42 Babel common definitions
\babel@savecnt=\count175
\U@D=\dimen135

("C:\Users\benja\AppData\Local\Programs\MiKTeX 2.9\tex/generic/babel\txtbabel.d
ef")
\bbl@readstream=\read2
\bbl@dirlevel=\count176
)
Package babel Info: \l@acadian = using hyphenrules for french
(babel)             (\language22) on input line 91.
Package babel Info: \l@canadien = using hyphenrules for french
(babel)             (\language22) on input line 92.
\FB@nonchar=\count177
Package babel Info: Making : an active character on input line 419.
Package babel Info: Making ; an active character on input line 420.
Package babel Info: Making ! an active character on input line 421.
Package babel Info: Making ? an active character on input line 422.
\FBguill@level=\count178
\FBold@everypar=\toks17
\FB@Mht=\dimen136
\mc@charclass=\count179
\mc@charfam=\count180
\mc@charslot=\count181
\std@mcc=\count182
\dec@mcc=\count183
\c@FBcaption@count=\count184
\listindentFB=\dimen137
\descindentFB=\dimen138
\labelindentFB=\dimen139
\labelwidthFB=\dimen140
\leftmarginFB=\dimen141
\parindentFFN=\dimen142
\FBfnindent=\dimen143
))
("C:\Users\benja\AppData\Local\Programs\MiKTeX 2.9\tex/latex/carlisle\scalefnt.
sty")
("C:\Users\benja\AppData\Local\Programs\MiKTeX 2.9\tex/latex/graphics\keyval.st
y"
Package: keyval 2014/10/28 v1.15 key=value parser (DPC)
\KV@toks@=\toks18
)
("C:\Users\benja\AppData\Local\Programs\MiKTeX 2.9\tex/latex/amscls\amsthm.sty"
Package: amsthm 2020/05/29 v2.20.6
\thm@style=\toks19
\thm@bodyfont=\toks20
\thm@headfont=\toks21
\thm@notefont=\toks22
\thm@headpunct=\toks23
\thm@preskip=\skip49
\thm@postskip=\skip50
\thm@headsep=\skip51
\dth@everypar=\toks24
)
("C:\Users\benja\AppData\Local\Programs\MiKTeX 2.9\tex/latex/amsmath\amsmath.st
y"
Package: amsmath 2020/01/20 v2.17e AMS math features
\@mathmargin=\skip52

For additional information on amsmath, use the `?' option.

("C:\Users\benja\AppData\Local\Programs\MiKTeX 2.9\tex/latex/amsmath\amstext.st
y"
Package: amstext 2000/06/29 v2.01 AMS text

("C:\Users\benja\AppData\Local\Programs\MiKTeX 2.9\tex/latex/amsmath\amsgen.sty
"
File: amsgen.sty 1999/11/30 v2.0 generic functions
\@emptytoks=\toks25
\ex@=\dimen144
))
("C:\Users\benja\AppData\Local\Programs\MiKTeX 2.9\tex/latex/amsmath\amsbsy.sty
"
Package: amsbsy 1999/11/29 v1.2d Bold Symbols
\pmbraise@=\dimen145
)
("C:\Users\benja\AppData\Local\Programs\MiKTeX 2.9\tex/latex/amsmath\amsopn.sty
"
Package: amsopn 2016/03/08 v2.02 operator names
)
\inf@bad=\count185
LaTeX Info: Redefining \frac on input line 227.
\uproot@=\count186
\leftroot@=\count187
LaTeX Info: Redefining \overline on input line 389.
\classnum@=\count188
\DOTSCASE@=\count189
LaTeX Info: Redefining \ldots on input line 486.
LaTeX Info: Redefining \dots on input line 489.
LaTeX Info: Redefining \cdots on input line 610.
\Mathstrutbox@=\box45
\strutbox@=\box46
\big@size=\dimen146
LaTeX Font Info:    Redeclaring font encoding OML on input line 733.
LaTeX Font Info:    Redeclaring font encoding OMS on input line 734.
\macc@depth=\count190
\c@MaxMatrixCols=\count191
\dotsspace@=\muskip16
\c@parentequation=\count192
\dspbrk@lvl=\count193
\tag@help=\toks26
\row@=\count194
\column@=\count195
\maxfields@=\count196
\andhelp@=\toks27
\eqnshift@=\dimen147
\alignsep@=\dimen148
\tagshift@=\dimen149
\tagwidth@=\dimen150
\totwidth@=\dimen151
\lineht@=\dimen152
\@envbody=\toks28
\multlinegap=\skip53
\multlinetaggap=\skip54
\mathdisplay@stack=\toks29
LaTeX Info: Redefining \[ on input line 2859.
LaTeX Info: Redefining \] on input line 2860.
)
("C:\Users\benja\AppData\Local\Programs\MiKTeX 2.9\tex/latex/hyperref\hyperref.
sty"
Package: hyperref 2020/01/14 v7.00d Hypertext links for LaTeX

("C:\Users\benja\AppData\Local\Programs\MiKTeX 2.9\tex/generic/ltxcmds\ltxcmds.
sty"
Package: ltxcmds 2019/12/15 v1.24 LaTeX kernel commands for general use (HO)
)
("C:\Users\benja\AppData\Local\Programs\MiKTeX 2.9\tex/generic/iftex\iftex.sty"
Package: iftex 2020/03/06 v1.0d TeX engine tests
)
("C:\Users\benja\AppData\Local\Programs\MiKTeX 2.9\tex/latex/pdftexcmds\pdftexc
mds.sty"
Package: pdftexcmds 2019/11/24 v0.31 Utility functions of pdfTeX for LuaTeX (HO
)

("C:\Users\benja\AppData\Local\Programs\MiKTeX 2.9\tex/generic/infwarerr\infwar
err.sty"
Package: infwarerr 2019/12/03 v1.5 Providing info/warning/error messages (HO)
)
Package pdftexcmds Info: \pdf@primitive is available.
Package pdftexcmds Info: \pdf@ifprimitive is available.
Package pdftexcmds Info: \pdfdraftmode found.
)
("C:\Users\benja\AppData\Local\Programs\MiKTeX 2.9\tex/generic/kvsetkeys\kvsetk
eys.sty"
Package: kvsetkeys 2019/12/15 v1.18 Key value parser (HO)
)
("C:\Users\benja\AppData\Local\Programs\MiKTeX 2.9\tex/generic/kvdefinekeys\kvd
efinekeys.sty"
Package: kvdefinekeys 2019-12-19 v1.6 Define keys (HO)
)
("C:\Users\benja\AppData\Local\Programs\MiKTeX 2.9\tex/generic/pdfescape\pdfesc
ape.sty"
Package: pdfescape 2019/12/09 v1.15 Implements pdfTeX's escape features (HO)
)
("C:\Users\benja\AppData\Local\Programs\MiKTeX 2.9\tex/latex/hycolor\hycolor.st
y"
Package: hycolor 2020-01-27 v1.10 Color options for hyperref/bookmark (HO)
)
("C:\Users\benja\AppData\Local\Programs\MiKTeX 2.9\tex/latex/letltxmacro\letltx
macro.sty"
Package: letltxmacro 2019/12/03 v1.6 Let assignment for LaTeX macros (HO)
)
("C:\Users\benja\AppData\Local\Programs\MiKTeX 2.9\tex/latex/auxhook\auxhook.st
y"
Package: auxhook 2019-12-17 v1.6 Hooks for auxiliary files (HO)
)
("C:\Users\benja\AppData\Local\Programs\MiKTeX 2.9\tex/latex/kvoptions\kvoption
s.sty"
Package: kvoptions 2019/11/29 v3.13 Key value format for package options (HO)
)
\@linkdim=\dimen153
\Hy@linkcounter=\count197
\Hy@pagecounter=\count198

("C:\Users\benja\AppData\Local\Programs\MiKTeX 2.9\tex/latex/hyperref\pd1enc.de
f"
File: pd1enc.def 2020/01/14 v7.00d Hyperref: PDFDocEncoding definition (HO)
Now handling font encoding PD1 ...
... no UTF-8 mapping file for font encoding PD1
)
("C:\Users\benja\AppData\Local\Programs\MiKTeX 2.9\tex/generic/intcalc\intcalc.
sty"
Package: intcalc 2019/12/15 v1.3 Expandable calculations with integers (HO)
)
("C:\Users\benja\AppData\Local\Programs\MiKTeX 2.9\tex/generic/etexcmds\etexcmd
s.sty"
Package: etexcmds 2019/12/15 v1.7 Avoid name clashes with e-TeX commands (HO)
)
\Hy@SavedSpaceFactor=\count199
Package hyperref Info: Hyper figures OFF on input line 4547.
Package hyperref Info: Link nesting OFF on input line 4552.
Package hyperref Info: Hyper index ON on input line 4555.
Package hyperref Info: Plain pages OFF on input line 4562.
Package hyperref Info: Backreferencing OFF on input line 4567.
Package hyperref Info: Implicit mode ON; LaTeX internals redefined.
Package hyperref Info: Bookmarks ON on input line 4800.
\c@Hy@tempcnt=\count266
 ("C:\Users\benja\AppData\Local\Programs\MiKTeX 2.9\tex/latex/url\url.sty"
\Urlmuskip=\muskip17
Package: url 2013/09/16  ver 3.4  Verb mode for urls, etc.
)
LaTeX Info: Redefining \url on input line 5159.
\XeTeXLinkMargin=\dimen154

("C:\Users\benja\AppData\Local\Programs\MiKTeX 2.9\tex/generic/bitset\bitset.st
y"
Package: bitset 2019/12/09 v1.3 Handle bit-vector datatype (HO)

("C:\Users\benja\AppData\Local\Programs\MiKTeX 2.9\tex/generic/bigintcalc\bigin
tcalc.sty"
Package: bigintcalc 2019/12/15 v1.5 Expandable calculations on big integers (HO
)
))
\Fld@menulength=\count267
\Field@Width=\dimen155
\Fld@charsize=\dimen156
Package hyperref Info: Hyper figures OFF on input line 6430.
Package hyperref Info: Link nesting OFF on input line 6435.
Package hyperref Info: Hyper index ON on input line 6438.
Package hyperref Info: backreferencing OFF on input line 6445.
Package hyperref Info: Link coloring OFF on input line 6450.
Package hyperref Info: Link coloring with OCG OFF on input line 6455.
Package hyperref Info: PDF/A mode OFF on input line 6460.
LaTeX Info: Redefining \ref on input line 6500.
LaTeX Info: Redefining \pageref on input line 6504.

("C:\Users\benja\AppData\Local\Programs\MiKTeX 2.9\tex/generic/atbegshi\atbegsh
i.sty"
Package: atbegshi 2019/12/05 v1.19 At begin shipout hook (HO)
)
\Hy@abspage=\count268
\c@Item=\count269
\c@Hfootnote=\count270
)
Package hyperref Info: Driver (autodetected): hpdftex.

("C:\Users\benja\AppData\Local\Programs\MiKTeX 2.9\tex/latex/hyperref\hpdftex.d
ef"
File: hpdftex.def 2020/01/14 v7.00d Hyperref driver for pdfTeX

("C:\Users\benja\AppData\Local\Programs\MiKTeX 2.9\tex/latex/atveryend\atveryen
d.sty"
Package: atveryend 2019-12-11 v1.11 Hooks at the very end of document (HO)
Package atveryend Info: \enddocument detected (standard20110627).
)
\Fld@listcount=\count271
\c@bookmark@seq@number=\count272

("C:\Users\benja\AppData\Local\Programs\MiKTeX 2.9\tex/latex/rerunfilecheck\rer
unfilecheck.sty"
Package: rerunfilecheck 2019/12/05 v1.9 Rerun checks for auxiliary files (HO)

("C:\Users\benja\AppData\Local\Programs\MiKTeX 2.9\tex/generic/uniquecounter\un
iquecounter.sty"
Package: uniquecounter 2019/12/15 v1.4 Provide unlimited unique counter (HO)
)
Package uniquecounter Info: New unique counter `rerunfilecheck' on input line 2
86.
)
\Hy@SectionHShift=\skip55
)
("C:\Users\benja\AppData\Local\Programs\MiKTeX 2.9\tex/latex/graphics\graphicx.
sty"
Package: graphicx 2019/11/30 v1.2a Enhanced LaTeX Graphics (DPC,SPQR)

("C:\Users\benja\AppData\Local\Programs\MiKTeX 2.9\tex/latex/graphics\graphics.
sty"
Package: graphics 2019/11/30 v1.4a Standard LaTeX Graphics (DPC,SPQR)

("C:\Users\benja\AppData\Local\Programs\MiKTeX 2.9\tex/latex/graphics\trig.sty"
Package: trig 2016/01/03 v1.10 sin cos tan (DPC)
)
("C:\Users\benja\AppData\Local\Programs\MiKTeX 2.9\tex/latex/graphics-cfg\graph
ics.cfg"
File: graphics.cfg 2016/06/04 v1.11 sample graphics configuration
)
Package graphics Info: Driver file: pdftex.def on input line 105.

("C:\Users\benja\AppData\Local\Programs\MiKTeX 2.9\tex/latex/graphics-def\pdfte
x.def"
File: pdftex.def 2018/01/08 v1.0l Graphics/color driver for pdftex
))
\Gin@req@height=\dimen157
\Gin@req@width=\dimen158
)
("C:\Users\benja\AppData\Local\Programs\MiKTeX 2.9\tex/latex/caption\subcaption
.sty"
Package: subcaption 2020/01/22 v1.3d Sub-captions (AR)

("C:\Users\benja\AppData\Local\Programs\MiKTeX 2.9\tex/latex/caption\caption.st
y"
Package: caption 2020/05/10 v3.4j Customizing captions (AR)

("C:\Users\benja\AppData\Local\Programs\MiKTeX 2.9\tex/latex/caption\caption3.s
ty"
Package: caption3 2020/05/10 v1.11 caption3 kernel (AR)
Package caption3 Info: TeX engine: e-TeX on input line 61.
\captionmargin=\dimen159
\captionmargin@=\dimen160
\captionwidth=\dimen161
\caption@tempdima=\dimen162
\caption@indent=\dimen163
\caption@parindent=\dimen164
\caption@hangindent=\dimen165
Package caption Info: Standard document class detected.
)
\c@caption@flags=\count273
\c@continuedfloat=\count274
Package caption Info: hyperref package is loaded.
)
\c@subfigure=\count275
\c@subtable=\count276
)
\c@definition=\count277

("C:\Users\benja\AppData\Local\Programs\MiKTeX 2.9\tex/latex/l3backend\l3backen
d-pdfmode.def"
File: l3backend-pdfmode.def 2020-03-12 L3 backend support: PDF mode
\l__kernel_color_stack_int=\count278
\l__pdf_internal_box=\box47
) ("machine learning.aux"

LaTeX Warning: Label `eu_eqn' multiply defined.


LaTeX Warning: Label `eu_eqn' multiply defined.


LaTeX Warning: Label `eu_eqn' multiply defined.

)
\openout1 = `"machine learning.aux"'.

LaTeX Font Info:    Checking defaults for OML/cmm/m/it on input line 18.
LaTeX Font Info:    ... okay on input line 18.
LaTeX Font Info:    Checking defaults for OMS/cmsy/m/n on input line 18.
LaTeX Font Info:    ... okay on input line 18.
LaTeX Font Info:    Checking defaults for OT1/cmr/m/n on input line 18.
LaTeX Font Info:    ... okay on input line 18.
LaTeX Font Info:    Checking defaults for T1/cmr/m/n on input line 18.
LaTeX Font Info:    ... okay on input line 18.
LaTeX Font Info:    Checking defaults for TS1/cmr/m/n on input line 18.
LaTeX Font Info:    ... okay on input line 18.
LaTeX Font Info:    Checking defaults for OMX/cmex/m/n on input line 18.
LaTeX Font Info:    ... okay on input line 18.
LaTeX Font Info:    Checking defaults for U/cmr/m/n on input line 18.
LaTeX Font Info:    ... okay on input line 18.
LaTeX Font Info:    Checking defaults for PD1/pdf/m/n on input line 18.
LaTeX Font Info:    ... okay on input line 18.
LaTeX Info: Redefining \degres on input line 18.
LaTeX Info: Redefining \dots on input line 18.
LaTeX Info: Redefining \up on input line 18.
\AtBeginShipoutBox=\box48
Package hyperref Info: Link coloring OFF on input line 18.

("C:\Users\benja\AppData\Local\Programs\MiKTeX 2.9\tex/latex/hyperref\nameref.s
ty"
Package: nameref 2019/09/16 v2.46 Cross-referencing by name of section

("C:\Users\benja\AppData\Local\Programs\MiKTeX 2.9\tex/latex/refcount\refcount.
sty"
Package: refcount 2019/12/15 v3.6 Data extraction from label references (HO)
)
("C:\Users\benja\AppData\Local\Programs\MiKTeX 2.9\tex/generic/gettitlestring\g
ettitlestring.sty"
Package: gettitlestring 2019/12/15 v1.6 Cleanup title references (HO)
)
\c@section@level=\count279
)
LaTeX Info: Redefining \ref on input line 18.
LaTeX Info: Redefining \pageref on input line 18.
LaTeX Info: Redefining \nameref on input line 18.
 ("machine learning.out") ("machine learning.out")
\@outlinefile=\write3
\openout3 = `"machine learning.out"'.


("C:\Users\benja\AppData\Local\Programs\MiKTeX 2.9\tex/context/base/mkii\supp-p
df.mkii"
[Loading MPS to PDF converter (version 2006.09.02).]
\scratchcounter=\count280
\scratchdimen=\dimen166
\scratchbox=\box49
\nofMPsegments=\count281
\nofMParguments=\count282
\everyMPshowfont=\toks30
\MPscratchCnt=\count283
\MPscratchDim=\dimen167
\MPnumerator=\count284
\makeMPintoPDFobject=\count285
\everyMPtoPDFconversion=\toks31
)
("C:\Users\benja\AppData\Local\Programs\MiKTeX 2.9\tex/latex/epstopdf-pkg\epsto
pdf-base.sty"
Package: epstopdf-base 2020-01-24 v2.11 Base part for package epstopdf
Package epstopdf-base Info: Redefining graphics rule for `.eps' on input line 4
85.
)
Package caption Info: Begin \AtBeginDocument code.
Package caption Info: End \AtBeginDocument code.
 [1

{C:/Users/benja/AppData/Local/MiKTeX/2.9/pdftex/config/pdftex.map}] ("machine l
earning.toc" [2])
\tf@toc=\write4
\openout4 = `"machine learning.toc"'.

 [3]
<supervised.png, id=303, 520.94624pt x 277.78781pt>
File: supervised.png Graphic file (type png)
<use supervised.png>
Package pdftex.def Info: supervised.png  used on input line 77.
(pdftex.def)             Requested size: 169.0519pt x 90.14432pt.
<supervised2.png, id=305, 531.48563pt x 262.73157pt>
File: supervised2.png Graphic file (type png)
<use supervised2.png>
Package pdftex.def Info: supervised2.png  used on input line 81.
(pdftex.def)             Requested size: 169.0519pt x 83.56667pt.

Overfull \hbox (2.53416pt too wide) in paragraph at lines 87--89
[]\T1/cmr/bx/n/10 Definition 1.4. \T1/cmr/m/n/10 Ap-pren-tis-sage non-supervisé
 Lors-qu'on donne une grande quan-
 []

[4 <./supervised.png> <./supervised2.png>]
<model.png, id=319, 283.0575pt x 215.30438pt>
File: model.png Graphic file (type png)
<use model.png>
Package pdftex.def Info: model.png  used on input line 94.
(pdftex.def)             Requested size: 283.0568pt x 215.30385pt.


Package amsmath Warning: Foreign command \over;
(amsmath)                \frac or \genfrac should be used instead
(amsmath)                 on input line 100.

[5 <./model.png>]
Overfull \hbox (2.55507pt too wide) in paragraph at lines 118--118
\T1/cmr/m/n/10 puisque plus on se rap-proche d'un mi-ni-mum, plus la dé-ri-vée 
par-tielle, $[]\OML/cmm/m/it/10 J\OT1/cmr/m/n/10 (\OML/cmm/m/it/10 []; []\OT1
/cmr/m/n/10 )$
 []

[6] [7]
<normal-equation.png, id=356, 402.00188pt x 233.37187pt>
File: normal-equation.png Graphic file (type png)
<use normal-equation.png>
Package pdftex.def Info: normal-equation.png  used on input line 215.
(pdftex.def)             Requested size: 402.00089pt x 233.37129pt.

Overfull \hbox (57.00089pt too wide) in paragraph at lines 214--217
[]
 []

[8] [9 <./normal-equation.png>]
Overfull \hbox (19.8896pt too wide) in paragraph at lines 236--237
[]\T1/cmr/bx/n/10 afficher un flot-tant avec une cer-taine pré-ci-sion :  \T1/c
mr/m/n/10 disp(sprintf('%0.2f',X) 
 []

[10] [11]
Overfull \hbox (32.52922pt too wide) in paragraph at lines 314--314
[]\T1/cmr/m/n/10 Dans l'exemple d'un pro-blème de clas-si-fi-ca-tion bi-naire (
cf. tu-meur bé-nigne/maligne),
 []

<logistic_cost_1.png, id=380, 285.31593pt x 210.7875pt>
File: logistic_cost_1.png Graphic file (type png)
<use logistic_cost_1.png>
Package pdftex.def Info: logistic_cost_1.png  used on input line 338.
(pdftex.def)             Requested size: 285.31523pt x 210.78699pt.
<logistic_cost_2.png, id=381, 264.23718pt x 228.10219pt>
File: logistic_cost_2.png Graphic file (type png)
<use logistic_cost_2.png>
Package pdftex.def Info: logistic_cost_2.png  used on input line 339.
(pdftex.def)             Requested size: 264.23653pt x 228.10161pt.
[12] [13 <./logistic_cost_1.png> <./logistic_cost_2.png>]
<onevsall.png, id=397, 548.80031pt x 312.41719pt>
File: onevsall.png Graphic file (type png)
<use onevsall.png>
Package pdftex.def Info: onevsall.png  used on input line 374.
(pdftex.def)             Requested size: 274.39948pt x 156.2082pt.
 [14] [15 <./onevsall.png>] [16] [17]
<neural_networks.png, id=426, 530.73282pt x 414.04688pt>
File: neural_networks.png Graphic file (type png)
<use neural_networks.png>
Package pdftex.def Info: neural_networks.png  used on input line 470.
(pdftex.def)             Requested size: 265.36575pt x 207.02292pt.
 [18] [19 <./neural_networks.png>]
Overfull \hbox (81.6813pt too wide) detected at line 485
\OML/cmm/m/it/10 J\OT1/cmr/m/n/10 () = \OMS/cmsy/m/n/10  [] [] [] [] \OT1/cmr/
m/n/10 + [] [] [] []([])[]
 []

[20]
Overfull \hbox (0.22614pt too wide) in paragraph at lines 551--552
[]\T1/cmr/m/n/10 Utiliser la vé-ri-fi-ca-tion de gra-dient pour confir-mer que 
la rétro-propagation
 []

[21]
Overfull \hbox (4.54984pt too wide) in paragraph at lines 555--555
[]\T1/cmr/bx/n/14.4 Conseils pour ap-pli-quer les al-go-rithmes de Ma-
 []

[22]
<biasvsvariance.png, id=471, 288.3272pt x 222.07968pt>
File: biasvsvariance.png Graphic file (type png)
<use biasvsvariance.png>
Package pdftex.def Info: biasvsvariance.png  used on input line 602.
(pdftex.def)             Requested size: 288.32648pt x 222.07913pt.
<highbias.png, id=472, 241.65282pt x 146.04562pt>
File: highbias.png Graphic file (type png)
<use highbias.png>
Package pdftex.def Info: highbias.png  used on input line 607.
(pdftex.def)             Requested size: 241.65222pt x 146.04524pt.
 [23 <./biasvsvariance.png>]
<highvariance.png, id=481, 256.70906pt x 149.05687pt>
File: highvariance.png Graphic file (type png)
<use highvariance.png>
Package pdftex.def Info: highvariance.png  used on input line 610.
(pdftex.def)             Requested size: 256.70842pt x 149.0565pt.
 [24 <./highbias.png> <./highvariance.png>]
<svm.png, id=489, 1072.005pt x 403.5075pt>
File: svm.png Graphic file (type png)
<use svm.png>
Package pdftex.def Info: svm.png  used on input line 632.
(pdftex.def)             Requested size: 321.60399pt x 121.05318pt.

[25 <./svm.png>] [26]
Overfull \hbox (0.27pt too wide) in paragraph at lines 659--659
[]\T1/cmr/bx/n/12 Algorithme de par-tion-ne-ment des don-nées : K-Means 
 []

[27]
Overfull \hbox (36.94145pt too wide) in paragraph at lines 683--684
 []\T1/cmr/bx/n/10 Algorithme[] \T1/cmr/m/n/10 Pour ré-duire des don-nées n-dim
ensionnelle à des donnes k-dimensionnelle,
 []

[28] [29] [30]
<stochastic.png, id=531, 692.5875pt x 357.58594pt>
File: stochastic.png Graphic file (type png)
<use stochastic.png>
Package pdftex.def Info: stochastic.png  used on input line 736.
(pdftex.def)             Requested size: 277.03009pt x 143.03183pt.
<minibatch.png, id=532, 517.18219pt x 326.72063pt>
File: minibatch.png Graphic file (type png)
<use minibatch.png>
Package pdftex.def Info: minibatch.png  used on input line 740.
(pdftex.def)             Requested size: 258.59045pt x 163.35991pt.
 [31 <./stochastic.png> <./minibatch.png>]
Package atveryend Info: Empty hook `BeforeClearDocument' on input line 755.
 [32]
Package atveryend Info: Empty hook `AfterLastShipout' on input line 755.

("machine learning.aux")
Package atveryend Info: Executing hook `AtVeryEndDocument' on input line 755.
Package atveryend Info: Executing hook `AtEndAfterFileList' on input line 755.
Package rerunfilecheck Info: File `"machine learning".out' has not changed.
(rerunfilecheck)             Checksum: 26183509C6D7AD72A53AA7E90372F4F0;4386.


LaTeX Warning: There were multiply-defined labels.

Package atveryend Info: Empty hook `AtVeryVeryEnd' on input line 755.
 ) 
Here is how much of TeX's memory you used:
 8919 strings out of 480930
 139126 string characters out of 2899761
 411297 words of memory out of 3000000
 24466 multiletter control sequences out of 15000+200000
 542357 words of font info for 46 fonts, out of 3000000 for 9000
 1141 hyphenation exceptions out of 8191
 45i,14n,47p,424b,614s stack positions out of 5000i,500n,10000p,200000b,50000s
 <C:\Users\benja\AppData\Local\MiKTeX\2.9\fonts/pk/ljfour/jknappen/ec/dpi600\
ecrm0900.pk> <C:\Users\benja\AppData\Local\MiKTeX\2.9\fonts/pk/ljfour/jknappen/
ec/dpi600\ecbx1200.pk> <C:\Users\benja\AppData\Local\MiKTeX\2.9\fonts/pk/ljfour
/jknappen/ec/dpi600\ecbx1000.pk> <C:\Users\benja\AppData\Local\MiKTeX\2.9\fonts
/pk/ljfour/jknappen/ec/dpi600\ecbx1440.pk> <C:\Users\benja\AppData\Local\MiKTeX
\2.9\fonts/pk/ljfour/jknappen/ec/dpi600\ecrm1000.pk> <C:\Users\benja\AppData\Lo
cal\MiKTeX\2.9\fonts/pk/ljfour/jknappen/ec/dpi600\ecrm1200.pk> <C:\Users\benja\
AppData\Local\MiKTeX\2.9\fonts/pk/ljfour/jknappen/ec/dpi600\ecrm1728.pk><C:/Use
rs/benja/AppData/Local/Programs/MiKTeX 2.9/fonts/type1/public/amsfonts/cm/cmex1
0.pfb><C:/Users/benja/AppData/Local/Programs/MiKTeX 2.9/fonts/type1/public/amsf
onts/cm/cmmi10.pfb><C:/Users/benja/AppData/Local/Programs/MiKTeX 2.9/fonts/type
1/public/amsfonts/cm/cmmi5.pfb><C:/Users/benja/AppData/Local/Programs/MiKTeX 2.
9/fonts/type1/public/amsfonts/cm/cmmi7.pfb><C:/Users/benja/AppData/Local/Progra
ms/MiKTeX 2.9/fonts/type1/public/amsfonts/cm/cmr10.pfb><C:/Users/benja/AppData/
Local/Programs/MiKTeX 2.9/fonts/type1/public/amsfonts/cm/cmr5.pfb><C:/Users/ben
ja/AppData/Local/Programs/MiKTeX 2.9/fonts/type1/public/amsfonts/cm/cmr7.pfb><C
:/Users/benja/AppData/Local/Programs/MiKTeX 2.9/fonts/type1/public/amsfonts/cm/
cmsy10.pfb><C:/Users/benja/AppData/Local/Programs/MiKTeX 2.9/fonts/type1/public
/amsfonts/cm/cmsy5.pfb><C:/Users/benja/AppData/Local/Programs/MiKTeX 2.9/fonts/
type1/public/amsfonts/cm/cmsy7.pfb>
Output written on "machine learning.pdf" (32 pages, 1102552 bytes).
PDF statistics:
 966 PDF objects out of 1000 (max. 8388607)
 176 named destinations out of 1000 (max. 500000)
 519 words of extra memory for PDF output out of 10000 (max. 10000000)

